d:\3d_cad_2\dev_apps\app_testdata\x64\debug\app_operatedata.lib
d:\3d_cad_2\dev_apps\app_testdata\x64\debug\app_operatedata.exp
d:\3d_cad_2\dev_apps\app_testdata\app_testdata\x64\debug\vcpkg.applocal.log
d:\3d_cad_2\dev_apps\app_testdata\app_testdata\x64\debug\app_operatedata.pch
d:\3d_cad_2\dev_apps\app_testdata\app_testdata\x64\debug\vc140.pdb
d:\3d_cad_2\dev_apps\app_testdata\app_testdata\x64\debug\vc140.idb
d:\3d_cad_2\dev_apps\app_testdata\app_testdata\x64\debug\stdafx.obj
d:\3d_cad_2\dev_apps\app_testdata\app_testdata\x64\debug\acgeoperatedatabase.obj
d:\3d_cad_2\dev_apps\app_testdata\app_testdata\x64\debug\apptransdata.obj
d:\3d_cad_2\dev_apps\app_testdata\app_testdata\x64\debug\app_testdata.obj
d:\3d_cad_2\bin\x64_debug\app_operatedata.ilk
d:\3d_cad_2\bin\x64_debug\app_operatedata.dll
d:\3d_cad_2\dev_apps\app_testdata\x64\debug\app_operatedata.pdb
d:\3d_cad_2\dev_apps\app_testdata\app_testdata\x64\debug\app_testdata.res
d:\3d_cad_2\dev_apps\app_testdata\app_testdata\x64\debug\app_testdata.pch
d:\3d_cad_2\dev_apps\app_testdata\app_testdata\x64\debug\app_operatedata.tlog\app_operatedata.write.1u.tlog
d:\3d_cad_2\dev_apps\app_testdata\app_testdata\x64\debug\app_operatedata.tlog\cl.command.1.tlog
d:\3d_cad_2\dev_apps\app_testdata\app_testdata\x64\debug\app_operatedata.tlog\cl.read.1.tlog
d:\3d_cad_2\dev_apps\app_testdata\app_testdata\x64\debug\app_operatedata.tlog\cl.write.1.tlog
d:\3d_cad_2\dev_apps\app_testdata\app_testdata\x64\debug\app_operatedata.tlog\link.command.1.tlog
d:\3d_cad_2\dev_apps\app_testdata\app_testdata\x64\debug\app_operatedata.tlog\link.read.1.tlog
d:\3d_cad_2\dev_apps\app_testdata\app_testdata\x64\debug\app_operatedata.tlog\link.write.1.tlog
d:\3d_cad_2\dev_apps\app_testdata\app_testdata\x64\debug\app_operatedata.tlog\rc.command.1.tlog
d:\3d_cad_2\dev_apps\app_testdata\app_testdata\x64\debug\app_operatedata.tlog\rc.read.1.tlog
d:\3d_cad_2\dev_apps\app_testdata\app_testdata\x64\debug\app_operatedata.tlog\rc.write.1.tlog
